<?xml version="1.0" encoding="UTF-8"?>
<coverage generated="1566489801765" clover="3.2.0">
  <project timestamp="1566489801766" name="All files">
    <metrics statements="75" coveredstatements="47" conditionals="16" coveredconditionals="6" methods="24" coveredmethods="12" elements="115" coveredelements="65" complexity="0" loc="75" ncloc="75" packages="5" files="7" classes="7"/>
    <package name="lsExer">
      <metrics statements="3" coveredstatements="3" conditionals="0" coveredconditionals="0" methods="1" coveredmethods="1"/>
      <file name="App.js" path="/Users/sritharanpalanikumar/sritharan/lsExer/App.js">
        <metrics statements="3" coveredstatements="3" conditionals="0" coveredconditionals="0" methods="1" coveredmethods="1"/>
        <line num="9" count="1" type="stmt"/>
        <line num="10" count="1" type="stmt"/>
        <line num="14" count="1" type="stmt"/>
      </file>
    </package>
    <package name="lsExer.app.component">
      <metrics statements="20" coveredstatements="15" conditionals="2" coveredconditionals="1" methods="7" coveredmethods="3"/>
      <file name="CurrencyButton.js" path="/Users/sritharanpalanikumar/sritharan/lsExer/app/component/CurrencyButton.js">
        <metrics statements="12" coveredstatements="8" conditionals="2" coveredconditionals="1" methods="4" coveredmethods="2"/>
        <line num="11" count="2" type="stmt"/>
        <line num="13" count="2" type="stmt"/>
        <line num="44" count="2" type="stmt"/>
        <line num="45" count="2" type="stmt"/>
        <line num="47" count="2" type="stmt"/>
        <line num="53" count="2" type="stmt"/>
        <line num="54" count="0" type="stmt"/>
        <line num="55" count="0" type="stmt"/>
        <line num="56" count="0" type="stmt"/>
        <line num="59" count="2" type="stmt"/>
        <line num="63" count="6" type="stmt"/>
        <line num="65" count="0" type="stmt"/>
      </file>
      <file name="ShopingList.js" path="/Users/sritharanpalanikumar/sritharan/lsExer/app/component/ShopingList.js">
        <metrics statements="8" coveredstatements="7" conditionals="0" coveredconditionals="0" methods="3" coveredmethods="1"/>
        <line num="10" count="2" type="stmt"/>
        <line num="12" count="2" type="stmt"/>
        <line num="56" count="2" type="stmt"/>
        <line num="57" count="2" type="stmt"/>
        <line num="59" count="2" type="stmt"/>
        <line num="60" count="2" type="stmt"/>
        <line num="61" count="0" type="stmt"/>
        <line num="74" count="2" type="stmt"/>
      </file>
    </package>
    <package name="lsExer.app.container">
      <metrics statements="9" coveredstatements="7" conditionals="2" coveredconditionals="1" methods="4" coveredmethods="3"/>
      <file name="AppContainer.js" path="/Users/sritharanpalanikumar/sritharan/lsExer/app/container/AppContainer.js">
        <metrics statements="9" coveredstatements="7" conditionals="2" coveredconditionals="1" methods="4" coveredmethods="3"/>
        <line num="15" count="1" type="stmt"/>
        <line num="18" count="1" type="stmt"/>
        <line num="19" count="0" type="stmt"/>
        <line num="20" count="0" type="stmt"/>
        <line num="27" count="1" type="stmt"/>
        <line num="28" count="1" type="stmt"/>
        <line num="49" count="1" type="stmt"/>
        <line num="58" count="1" type="stmt"/>
        <line num="59" count="1" type="stmt"/>
      </file>
    </package>
    <package name="lsExer.app.redux.actions">
      <metrics statements="16" coveredstatements="14" conditionals="0" coveredconditionals="0" methods="6" coveredmethods="4"/>
      <file name="shopItemsActions.js" path="/Users/sritharanpalanikumar/sritharan/lsExer/app/redux/actions/shopItemsActions.js">
        <metrics statements="12" coveredstatements="10" conditionals="0" coveredconditionals="0" methods="6" coveredmethods="4"/>
        <line num="8" count="1" type="stmt"/>
        <line num="12" count="1" type="stmt"/>
        <line num="17" count="1" type="stmt"/>
        <line num="22" count="1" type="stmt"/>
        <line num="31" count="1" type="stmt"/>
        <line num="32" count="1" type="stmt"/>
        <line num="33" count="1" type="stmt"/>
        <line num="34" count="1" type="stmt"/>
        <line num="35" count="1" type="stmt"/>
        <line num="38" count="0" type="stmt"/>
        <line num="39" count="0" type="stmt"/>
        <line num="41" count="1" type="stmt"/>
      </file>
      <file name="type.js" path="/Users/sritharanpalanikumar/sritharan/lsExer/app/redux/actions/type.js">
        <metrics statements="4" coveredstatements="4" conditionals="0" coveredconditionals="0" methods="0" coveredmethods="0"/>
        <line num="1" count="1" type="stmt"/>
        <line num="2" count="1" type="stmt"/>
        <line num="3" count="1" type="stmt"/>
        <line num="4" count="1" type="stmt"/>
      </file>
    </package>
    <package name="lsExer.app.redux.reducers">
      <metrics statements="27" coveredstatements="8" conditionals="12" coveredconditionals="4" methods="6" coveredmethods="1"/>
      <file name="shopItemsReducers.js" path="/Users/sritharanpalanikumar/sritharan/lsExer/app/redux/reducers/shopItemsReducers.js">
        <metrics statements="27" coveredstatements="8" conditionals="12" coveredconditionals="4" methods="6" coveredmethods="1"/>
        <line num="8" count="1" type="stmt"/>
        <line num="16" count="1" type="stmt"/>
        <line num="17" count="0" type="stmt"/>
        <line num="19" count="0" type="stmt"/>
        <line num="20" count="0" type="stmt"/>
        <line num="21" count="0" type="cond" truecount="0" falsecount="2"/>
        <line num="22" count="0" type="cond" truecount="0" falsecount="4"/>
        <line num="23" count="0" type="stmt"/>
        <line num="24" count="0" type="stmt"/>
        <line num="25" count="0" type="stmt"/>
        <line num="29" count="0" type="stmt"/>
        <line num="31" count="0" type="stmt"/>
        <line num="34" count="1" type="stmt"/>
        <line num="35" count="0" type="stmt"/>
        <line num="36" count="0" type="stmt"/>
        <line num="37" count="0" type="stmt"/>
        <line num="38" count="0" type="stmt"/>
        <line num="40" count="0" type="stmt"/>
        <line num="43" count="1" type="cond" truecount="1" falsecount="0"/>
        <line num="44" count="3" type="cond" truecount="3" falsecount="2"/>
        <line num="46" count="1" type="stmt"/>
        <line num="48" count="1" type="stmt"/>
        <line num="50" count="0" type="stmt"/>
        <line num="51" count="0" type="stmt"/>
        <line num="59" count="0" type="stmt"/>
        <line num="60" count="0" type="stmt"/>
        <line num="62" count="1" type="stmt"/>
      </file>
    </package>
  </project>
</coverage>
