{"/Users/sritharanpalanikumar/sritharan/lsExer/App.js": {"path":"/Users/sritharanpalanikumar/sritharan/lsExer/App.js","statementMap":{"0":{"start":{"line":9,"column":28},"end":{"line":9,"column":63}},"1":{"start":{"line":10,"column":14},"end":{"line":10,"column":52}},"2":{"start":{"line":14,"column":4},"end":{"line":18,"column":6}}},"fnMap":{"0":{"name":"(anonymous_0)","decl":{"start":{"line":13,"column":2},"end":{"line":13,"column":3}},"loc":{"start":{"line":13,"column":11},"end":{"line":19,"column":3}},"line":13}},"branchMap":{},"s":{"0":1,"1":1,"2":1},"f":{"0":1},"b":{},"_coverageSchema":"43e27e138ebf9cfc5966b082cf9a028302ed4184","hash":"21676420dade37063c006e24b5a1febf38c7d27b"}
,"/Users/sritharanpalanikumar/sritharan/lsExer/app/component/CurrencyButton.js": {"path":"/Users/sritharanpalanikumar/sritharan/lsExer/app/component/CurrencyButton.js","statementMap":{"0":{"start":{"line":11,"column":14},"end":{"line":11,"column":44}},"1":{"start":{"line":13,"column":15},"end":{"line":42,"column":2}},"2":{"start":{"line":44,"column":23},"end":{"line":82,"column":1}},"3":{"start":{"line":45,"column":44},"end":{"line":45,"column":58}},"4":{"start":{"line":47,"column":29},"end":{"line":51,"column":3}},"5":{"start":{"line":53,"column":20},"end":{"line":57,"column":3}},"6":{"start":{"line":54,"column":36},"end":{"line":54,"column":41}},"7":{"start":{"line":55,"column":4},"end":{"line":55,"column":28}},"8":{"start":{"line":56,"column":4},"end":{"line":56,"column":39}},"9":{"start":{"line":59,"column":2},"end":{"line":81,"column":4}},"10":{"start":{"line":63,"column":10},"end":{"line":76,"column":29}},"11":{"start":{"line":65,"column":27},"end":{"line":65,"column":51}}},"fnMap":{"0":{"name":"(anonymous_0)","decl":{"start":{"line":44,"column":23},"end":{"line":44,"column":24}},"loc":{"start":{"line":44,"column":32},"end":{"line":82,"column":1}},"line":44},"1":{"name":"(anonymous_1)","decl":{"start":{"line":53,"column":20},"end":{"line":53,"column":21}},"loc":{"start":{"line":53,"column":37},"end":{"line":57,"column":3}},"line":53},"2":{"name":"(anonymous_2)","decl":{"start":{"line":62,"column":32},"end":{"line":62,"column":33}},"loc":{"start":{"line":63,"column":10},"end":{"line":76,"column":29}},"line":63},"3":{"name":"(anonymous_3)","decl":{"start":{"line":65,"column":21},"end":{"line":65,"column":22}},"loc":{"start":{"line":65,"column":27},"end":{"line":65,"column":51}},"line":65}},"branchMap":{"0":{"loc":{"start":{"line":70,"column":18},"end":{"line":70,"column":71}},"type":"cond-expr","locations":[{"start":{"line":70,"column":46},"end":{"line":70,"column":55}},{"start":{"line":70,"column":58},"end":{"line":70,"column":71}}],"line":70}},"s":{"0":2,"1":2,"2":2,"3":2,"4":2,"5":2,"6":0,"7":0,"8":0,"9":2,"10":6,"11":0},"f":{"0":2,"1":0,"2":6,"3":0},"b":{"0":[0,6]},"_coverageSchema":"43e27e138ebf9cfc5966b082cf9a028302ed4184","hash":"554c452d41c5c7094396eac70cf779f5bac11bb4"}
,"/Users/sritharanpalanikumar/sritharan/lsExer/app/component/ShopingList.js": {"path":"/Users/sritharanpalanikumar/sritharan/lsExer/app/component/ShopingList.js","statementMap":{"0":{"start":{"line":10,"column":14},"end":{"line":10,"column":44}},"1":{"start":{"line":12,"column":15},"end":{"line":54,"column":2}},"2":{"start":{"line":56,"column":20},"end":{"line":90,"column":1}},"3":{"start":{"line":57,"column":28},"end":{"line":57,"column":33}},"4":{"start":{"line":59,"column":23},"end":{"line":59,"column":71}},"5":{"start":{"line":59,"column":31},"end":{"line":59,"column":71}},"6":{"start":{"line":60,"column":21},"end":{"line":73,"column":3}},"7":{"start":{"line":61,"column":4},"end":{"line":72,"column":11}},"8":{"start":{"line":74,"column":2},"end":{"line":89,"column":4}}},"fnMap":{"0":{"name":"(anonymous_0)","decl":{"start":{"line":56,"column":20},"end":{"line":56,"column":21}},"loc":{"start":{"line":56,"column":29},"end":{"line":90,"column":1}},"line":56},"1":{"name":"(anonymous_1)","decl":{"start":{"line":59,"column":23},"end":{"line":59,"column":24}},"loc":{"start":{"line":59,"column":31},"end":{"line":59,"column":71}},"line":59},"2":{"name":"(anonymous_2)","decl":{"start":{"line":60,"column":21},"end":{"line":60,"column":22}},"loc":{"start":{"line":61,"column":4},"end":{"line":72,"column":11}},"line":61}},"branchMap":{},"s":{"0":2,"1":2,"2":2,"3":2,"4":2,"5":0,"6":2,"7":0,"8":2},"f":{"0":2,"1":0,"2":0},"b":{},"_coverageSchema":"43e27e138ebf9cfc5966b082cf9a028302ed4184","hash":"56a70b2b0b92945413eb17d32d2cbd8b67b4f44e"}
,"/Users/sritharanpalanikumar/sritharan/lsExer/app/container/AppContainer.js": {"path":"/Users/sritharanpalanikumar/sritharan/lsExer/app/container/AppContainer.js","statementMap":{"0":{"start":{"line":15,"column":4},"end":{"line":15,"column":31}},"1":{"start":{"line":18,"column":26},"end":{"line":25,"column":3}},"2":{"start":{"line":19,"column":29},"end":{"line":19,"column":39}},"3":{"start":{"line":20,"column":4},"end":{"line":24,"column":6}},"4":{"start":{"line":27,"column":29},"end":{"line":27,"column":39}},"5":{"start":{"line":28,"column":4},"end":{"line":45,"column":6}},"6":{"start":{"line":49,"column":15},"end":{"line":56,"column":2}},"7":{"start":{"line":58,"column":24},"end":{"line":62,"column":1}},"8":{"start":{"line":59,"column":2},"end":{"line":61,"column":4}}},"fnMap":{"0":{"name":"(anonymous_0)","decl":{"start":{"line":14,"column":2},"end":{"line":14,"column":3}},"loc":{"start":{"line":14,"column":22},"end":{"line":16,"column":3}},"line":14},"1":{"name":"(anonymous_1)","decl":{"start":{"line":18,"column":26},"end":{"line":18,"column":27}},"loc":{"start":{"line":18,"column":43},"end":{"line":25,"column":3}},"line":18},"2":{"name":"(anonymous_2)","decl":{"start":{"line":26,"column":2},"end":{"line":26,"column":3}},"loc":{"start":{"line":26,"column":11},"end":{"line":46,"column":3}},"line":26},"3":{"name":"(anonymous_3)","decl":{"start":{"line":58,"column":24},"end":{"line":58,"column":25}},"loc":{"start":{"line":58,"column":33},"end":{"line":62,"column":1}},"line":58}},"branchMap":{"0":{"loc":{"start":{"line":30,"column":9},"end":{"line":43,"column":9}},"type":"cond-expr","locations":[{"start":{"line":31,"column":10},"end":{"line":31,"column":44}},{"start":{"line":33,"column":10},"end":{"line":42,"column":27}}],"line":30}},"s":{"0":1,"1":1,"2":0,"3":0,"4":1,"5":1,"6":1,"7":1,"8":1},"f":{"0":1,"1":0,"2":1,"3":1},"b":{"0":[0,1]},"_coverageSchema":"43e27e138ebf9cfc5966b082cf9a028302ed4184","hash":"f8d236ee5e1b497e297d90099499c7b97ef6dfe3"}
,"/Users/sritharanpalanikumar/sritharan/lsExer/app/redux/actions/shopItemsActions.js": {"path":"/Users/sritharanpalanikumar/sritharan/lsExer/app/redux/actions/shopItemsActions.js","statementMap":{"0":{"start":{"line":8,"column":40},"end":{"line":10,"column":2}},"1":{"start":{"line":8,"column":47},"end":{"line":10,"column":1}},"2":{"start":{"line":12,"column":40},"end":{"line":15,"column":2}},"3":{"start":{"line":12,"column":49},"end":{"line":15,"column":1}},"4":{"start":{"line":17,"column":40},"end":{"line":20,"column":2}},"5":{"start":{"line":17,"column":50},"end":{"line":20,"column":1}},"6":{"start":{"line":22,"column":31},"end":{"line":29,"column":2}},"7":{"start":{"line":22,"column":74},"end":{"line":29,"column":1}},"8":{"start":{"line":31,"column":29},"end":{"line":44,"column":1}},"9":{"start":{"line":32,"column":2},"end":{"line":43,"column":4}},"10":{"start":{"line":33,"column":4},"end":{"line":33,"column":41}},"11":{"start":{"line":34,"column":4},"end":{"line":42,"column":5}},"12":{"start":{"line":35,"column":21},"end":{"line":37,"column":7}},"13":{"start":{"line":38,"column":17},"end":{"line":38,"column":38}},"14":{"start":{"line":39,"column":6},"end":{"line":39,"column":47}},"15":{"start":{"line":41,"column":6},"end":{"line":41,"column":48}}},"fnMap":{"0":{"name":"(anonymous_0)","decl":{"start":{"line":8,"column":40},"end":{"line":8,"column":41}},"loc":{"start":{"line":8,"column":47},"end":{"line":10,"column":1}},"line":8},"1":{"name":"(anonymous_1)","decl":{"start":{"line":12,"column":40},"end":{"line":12,"column":41}},"loc":{"start":{"line":12,"column":49},"end":{"line":15,"column":1}},"line":12},"2":{"name":"(anonymous_2)","decl":{"start":{"line":17,"column":40},"end":{"line":17,"column":41}},"loc":{"start":{"line":17,"column":50},"end":{"line":20,"column":1}},"line":17},"3":{"name":"(anonymous_3)","decl":{"start":{"line":22,"column":31},"end":{"line":22,"column":32}},"loc":{"start":{"line":22,"column":74},"end":{"line":29,"column":1}},"line":22},"4":{"name":"(anonymous_4)","decl":{"start":{"line":31,"column":29},"end":{"line":31,"column":30}},"loc":{"start":{"line":31,"column":35},"end":{"line":44,"column":1}},"line":31},"5":{"name":"(anonymous_5)","decl":{"start":{"line":32,"column":9},"end":{"line":32,"column":10}},"loc":{"start":{"line":32,"column":27},"end":{"line":43,"column":3}},"line":32}},"branchMap":{},"s":{"0":1,"1":1,"2":1,"3":0,"4":1,"5":1,"6":1,"7":0,"8":1,"9":1,"10":1,"11":1,"12":1,"13":0,"14":0,"15":1},"f":{"0":1,"1":0,"2":1,"3":0,"4":1,"5":1},"b":{},"_coverageSchema":"43e27e138ebf9cfc5966b082cf9a028302ed4184","hash":"287d96e19db15e917521ecb2884fc3f7f5346396"}
,"/Users/sritharanpalanikumar/sritharan/lsExer/app/redux/actions/type.js": {"path":"/Users/sritharanpalanikumar/sritharan/lsExer/app/redux/actions/type.js","statementMap":{"0":{"start":{"line":1,"column":41},"end":{"line":1,"column":68}},"1":{"start":{"line":2,"column":43},"end":{"line":2,"column":72}},"2":{"start":{"line":3,"column":43},"end":{"line":3,"column":72}},"3":{"start":{"line":4,"column":32},"end":{"line":4,"column":50}}},"fnMap":{},"branchMap":{},"s":{"0":1,"1":1,"2":1,"3":1},"f":{},"b":{},"_coverageSchema":"43e27e138ebf9cfc5966b082cf9a028302ed4184","hash":"d22bc27b3ab45c8a4293c7eb6c7285d3f94aabb6"}
,"/Users/sritharanpalanikumar/sritharan/lsExer/app/redux/reducers/shopItemsReducers.js": {"path":"/Users/sritharanpalanikumar/sritharan/lsExer/app/redux/reducers/shopItemsReducers.js","statementMap":{"0":{"start":{"line":8,"column":21},"end":{"line":14,"column":1}},"1":{"start":{"line":16,"column":27},"end":{"line":32,"column":1}},"2":{"start":{"line":17,"column":49},"end":{"line":17,"column":56}},"3":{"start":{"line":19,"column":2},"end":{"line":30,"column":5}},"4":{"start":{"line":20,"column":4},"end":{"line":28,"column":7}},"5":{"start":{"line":21,"column":6},"end":{"line":27,"column":7}},"6":{"start":{"line":22,"column":8},"end":{"line":26,"column":9}},"7":{"start":{"line":23,"column":24},"end":{"line":23,"column":65}},"8":{"start":{"line":24,"column":10},"end":{"line":24,"column":40}},"9":{"start":{"line":25,"column":10},"end":{"line":25,"column":37}},"10":{"start":{"line":29,"column":4},"end":{"line":29,"column":16}},"11":{"start":{"line":31,"column":2},"end":{"line":31,"column":18}},"12":{"start":{"line":34,"column":28},"end":{"line":41,"column":1}},"13":{"start":{"line":35,"column":19},"end":{"line":39,"column":4}},"14":{"start":{"line":36,"column":22},"end":{"line":36,"column":58}},"15":{"start":{"line":37,"column":4},"end":{"line":37,"column":25}},"16":{"start":{"line":38,"column":4},"end":{"line":38,"column":16}},"17":{"start":{"line":40,"column":2},"end":{"line":40,"column":18}},"18":{"start":{"line":43,"column":26},"end":{"line":64,"column":1}},"19":{"start":{"line":44,"column":2},"end":{"line":63,"column":3}},"20":{"start":{"line":46,"column":6},"end":{"line":46,"column":42}},"21":{"start":{"line":48,"column":6},"end":{"line":48,"column":73}},"22":{"start":{"line":50,"column":27},"end":{"line":50,"column":71}},"23":{"start":{"line":51,"column":6},"end":{"line":57,"column":8}},"24":{"start":{"line":59,"column":23},"end":{"line":59,"column":57}},"25":{"start":{"line":60,"column":6},"end":{"line":60,"column":45}},"26":{"start":{"line":62,"column":6},"end":{"line":62,"column":19}}},"fnMap":{"0":{"name":"(anonymous_0)","decl":{"start":{"line":16,"column":27},"end":{"line":16,"column":28}},"loc":{"start":{"line":16,"column":38},"end":{"line":32,"column":1}},"line":16},"1":{"name":"(anonymous_1)","decl":{"start":{"line":19,"column":15},"end":{"line":19,"column":16}},"loc":{"start":{"line":19,"column":23},"end":{"line":30,"column":3}},"line":19},"2":{"name":"(anonymous_2)","decl":{"start":{"line":20,"column":28},"end":{"line":20,"column":29}},"loc":{"start":{"line":20,"column":39},"end":{"line":28,"column":5}},"line":20},"3":{"name":"(anonymous_3)","decl":{"start":{"line":34,"column":28},"end":{"line":34,"column":29}},"loc":{"start":{"line":34,"column":41},"end":{"line":41,"column":1}},"line":34},"4":{"name":"(anonymous_4)","decl":{"start":{"line":35,"column":33},"end":{"line":35,"column":34}},"loc":{"start":{"line":35,"column":41},"end":{"line":39,"column":3}},"line":35},"5":{"name":"(anonymous_5)","decl":{"start":{"line":43,"column":26},"end":{"line":43,"column":27}},"loc":{"start":{"line":43,"column":60},"end":{"line":64,"column":1}},"line":43}},"branchMap":{"0":{"loc":{"start":{"line":21,"column":6},"end":{"line":27,"column":7}},"type":"if","locations":[{"start":{"line":21,"column":6},"end":{"line":27,"column":7}},{"start":{"line":21,"column":6},"end":{"line":27,"column":7}}],"line":21},"1":{"loc":{"start":{"line":22,"column":8},"end":{"line":26,"column":9}},"type":"if","locations":[{"start":{"line":22,"column":8},"end":{"line":26,"column":9}},{"start":{"line":22,"column":8},"end":{"line":26,"column":9}}],"line":22},"2":{"loc":{"start":{"line":22,"column":12},"end":{"line":22,"column":75}},"type":"binary-expr","locations":[{"start":{"line":22,"column":12},"end":{"line":22,"column":42}},{"start":{"line":22,"column":46},"end":{"line":22,"column":75}}],"line":22},"3":{"loc":{"start":{"line":43,"column":27},"end":{"line":43,"column":47}},"type":"default-arg","locations":[{"start":{"line":43,"column":35},"end":{"line":43,"column":47}}],"line":43},"4":{"loc":{"start":{"line":44,"column":2},"end":{"line":63,"column":3}},"type":"switch","locations":[{"start":{"line":45,"column":4},"end":{"line":46,"column":42}},{"start":{"line":47,"column":4},"end":{"line":48,"column":73}},{"start":{"line":49,"column":4},"end":{"line":57,"column":8}},{"start":{"line":58,"column":4},"end":{"line":60,"column":45}},{"start":{"line":61,"column":4},"end":{"line":62,"column":19}}],"line":44}},"s":{"0":1,"1":1,"2":0,"3":0,"4":0,"5":0,"6":0,"7":0,"8":0,"9":0,"10":0,"11":0,"12":1,"13":0,"14":0,"15":0,"16":0,"17":0,"18":1,"19":3,"20":1,"21":1,"22":0,"23":0,"24":0,"25":0,"26":1},"f":{"0":0,"1":0,"2":0,"3":0,"4":0,"5":3},"b":{"0":[0,0],"1":[0,0],"2":[0,0],"3":[1],"4":[1,1,0,0,1]},"_coverageSchema":"43e27e138ebf9cfc5966b082cf9a028302ed4184","hash":"add40c32799aa8eb4bf9bc129e74f5837a37ef54"}
}
