TN:
SF:/Users/sritharanpalanikumar/sritharan/lsExer/App.js
FN:13,(anonymous_0)
FNF:1
FNH:1
FNDA:1,(anonymous_0)
DA:9,1
DA:10,1
DA:14,1
LF:3
LH:3
BRF:0
BRH:0
end_of_record
TN:
SF:/Users/sritharanpalanikumar/sritharan/lsExer/app/component/CurrencyButton.js
FN:44,(anonymous_0)
FN:53,(anonymous_1)
FN:62,(anonymous_2)
FN:65,(anonymous_3)
FNF:4
FNH:2
FNDA:2,(anonymous_0)
FNDA:0,(anonymous_1)
FNDA:6,(anonymous_2)
FNDA:0,(anonymous_3)
DA:11,2
DA:13,2
DA:44,2
DA:45,2
DA:47,2
DA:53,2
DA:54,0
DA:55,0
DA:56,0
DA:59,2
DA:63,6
DA:65,0
LF:12
LH:8
BRDA:70,0,0,0
BRDA:70,0,1,6
BRF:2
BRH:1
end_of_record
TN:
SF:/Users/sritharanpalanikumar/sritharan/lsExer/app/component/ShopingList.js
FN:56,(anonymous_0)
FN:59,(anonymous_1)
FN:60,(anonymous_2)
FNF:3
FNH:1
FNDA:2,(anonymous_0)
FNDA:0,(anonymous_1)
FNDA:0,(anonymous_2)
DA:10,2
DA:12,2
DA:56,2
DA:57,2
DA:59,2
DA:60,2
DA:61,0
DA:74,2
LF:8
LH:7
BRF:0
BRH:0
end_of_record
TN:
SF:/Users/sritharanpalanikumar/sritharan/lsExer/app/container/AppContainer.js
FN:14,(anonymous_0)
FN:18,(anonymous_1)
FN:26,(anonymous_2)
FN:58,(anonymous_3)
FNF:4
FNH:3
FNDA:1,(anonymous_0)
FNDA:0,(anonymous_1)
FNDA:1,(anonymous_2)
FNDA:1,(anonymous_3)
DA:15,1
DA:18,1
DA:19,0
DA:20,0
DA:27,1
DA:28,1
DA:49,1
DA:58,1
DA:59,1
LF:9
LH:7
BRDA:30,0,0,0
BRDA:30,0,1,1
BRF:2
BRH:1
end_of_record
TN:
SF:/Users/sritharanpalanikumar/sritharan/lsExer/app/redux/actions/shopItemsActions.js
FN:8,(anonymous_0)
FN:12,(anonymous_1)
FN:17,(anonymous_2)
FN:22,(anonymous_3)
FN:31,(anonymous_4)
FN:32,(anonymous_5)
FNF:6
FNH:4
FNDA:1,(anonymous_0)
FNDA:0,(anonymous_1)
FNDA:1,(anonymous_2)
FNDA:0,(anonymous_3)
FNDA:1,(anonymous_4)
FNDA:1,(anonymous_5)
DA:8,1
DA:12,1
DA:17,1
DA:22,1
DA:31,1
DA:32,1
DA:33,1
DA:34,1
DA:35,1
DA:38,0
DA:39,0
DA:41,1
LF:12
LH:10
BRF:0
BRH:0
end_of_record
TN:
SF:/Users/sritharanpalanikumar/sritharan/lsExer/app/redux/actions/type.js
FNF:0
FNH:0
DA:1,1
DA:2,1
DA:3,1
DA:4,1
LF:4
LH:4
BRF:0
BRH:0
end_of_record
TN:
SF:/Users/sritharanpalanikumar/sritharan/lsExer/app/redux/reducers/shopItemsReducers.js
FN:16,(anonymous_0)
FN:19,(anonymous_1)
FN:20,(anonymous_2)
FN:34,(anonymous_3)
FN:35,(anonymous_4)
FN:43,(anonymous_5)
FNF:6
FNH:1
FNDA:0,(anonymous_0)
FNDA:0,(anonymous_1)
FNDA:0,(anonymous_2)
FNDA:0,(anonymous_3)
FNDA:0,(anonymous_4)
FNDA:3,(anonymous_5)
DA:8,1
DA:16,1
DA:17,0
DA:19,0
DA:20,0
DA:21,0
DA:22,0
DA:23,0
DA:24,0
DA:25,0
DA:29,0
DA:31,0
DA:34,1
DA:35,0
DA:36,0
DA:37,0
DA:38,0
DA:40,0
DA:43,1
DA:44,3
DA:46,1
DA:48,1
DA:50,0
DA:51,0
DA:59,0
DA:60,0
DA:62,1
LF:27
LH:8
BRDA:21,0,0,0
BRDA:21,0,1,0
BRDA:22,1,0,0
BRDA:22,1,1,0
BRDA:22,2,0,0
BRDA:22,2,1,0
BRDA:43,3,0,1
BRDA:44,4,0,1
BRDA:44,4,1,1
BRDA:44,4,2,0
BRDA:44,4,3,0
BRDA:44,4,4,1
BRF:12
BRH:4
end_of_record
